0 silly input [ 'build' ]
1 silly flags { _: [ 'run' ],
1 silly flags   'reject-cycles': false,
1 silly flags   rejectCycles: false,
1 silly flags   scope: 'packages/example',
1 silly flags   script: 'build',
1 silly flags   args: [] }
2 verbose rootPath /Users/thomasneumuller/Projekte/LUX
3 info version 2.10.1
4 silly existsSync /Users/thomasneumuller/Projekte/LUX/VERSION
5 info scope packages/example
6 error EPACKAGES Errored while collecting packages and package graph
7 error Error: No packages found that match scope 'packages/example'
7 error     at Function.filterPackages (/Users/thomasneumuller/.nvm/versions/node/v8.10.0/lib/node_modules/lerna/lib/PackageUtilities.js:226:17)
7 error     at RunCommand.runPreparations (/Users/thomasneumuller/.nvm/versions/node/v8.10.0/lib/node_modules/lerna/lib/Command.js:328:60)
7 error     at /Users/thomasneumuller/.nvm/versions/node/v8.10.0/lib/node_modules/lerna/lib/Command.js:204:18
7 error     at new Promise (<anonymous>)
7 error     at RunCommand.run (/Users/thomasneumuller/.nvm/versions/node/v8.10.0/lib/node_modules/lerna/lib/Command.js:188:14)
7 error     at Object.handler (/Users/thomasneumuller/.nvm/versions/node/v8.10.0/lib/node_modules/lerna/lib/commands/RunCommand.js:49:14)
7 error     at Object.self.runCommand (/Users/thomasneumuller/.nvm/versions/node/v8.10.0/lib/node_modules/lerna/node_modules/yargs/lib/command.js:233:22)
7 error     at Object.Yargs.self._parseArgs (/Users/thomasneumuller/.nvm/versions/node/v8.10.0/lib/node_modules/lerna/node_modules/yargs/yargs.js:990:30)
7 error     at Object.Yargs.self.parse (/Users/thomasneumuller/.nvm/versions/node/v8.10.0/lib/node_modules/lerna/node_modules/yargs/yargs.js:532:23)
